0 info it worked if it ends with ok
1 verbose cli [ 'C:\\Program Files\\nodejs\\node.exe',
1 verbose cli   'C:\\Program Files\\nodejs\\node_modules\\npm\\bin\\npm-cli.js',
1 verbose cli   'install' ]
2 info using npm@3.10.10
3 info using node@v6.11.3
4 silly loadCurrentTree Starting
5 silly install loadCurrentTree
6 silly install readLocalPackageData
7 silly install normalizeTree
8 silly loadCurrentTree Finishing
9 silly loadIdealTree Starting
10 silly install loadIdealTree
11 silly cloneCurrentTree Starting
12 silly install cloneCurrentTreeToIdealTree
13 silly cloneCurrentTree Finishing
14 silly loadShrinkwrap Starting
15 silly install loadShrinkwrap
16 silly loadShrinkwrap Finishing
17 silly loadAllDepsIntoIdealTree Starting
18 silly install loadAllDepsIntoIdealTree
19 silly loadAllDepsIntoIdealTree Finishing
20 silly loadIdealTree Finishing
21 silly currentTree pigging-schedule@1.0.0
22 silly idealTree pigging-schedule@1.0.0
23 silly generateActionsToTake Starting
24 silly install generateActionsToTake
25 silly generateActionsToTake Finishing
26 silly diffTrees action count 0
27 silly decomposeActions action count 0
28 silly runTopLevelLifecycles Starting
29 silly install runPreinstallTopLevelLifecycles
30 silly preinstall pigging-schedule@1.0.0 C:\Users\KimS\Desktop\pipeline-pigging-ops-fullstack-capstone-project\pigging-schedule-03965159
31 info lifecycle pigging-schedule@1.0.0~preinstall: pigging-schedule@1.0.0
32 silly lifecycle pigging-schedule@1.0.0~preinstall: no script for preinstall, continuing
33 silly executeActions Starting
34 silly install executeActions
35 silly doSerial global-install 0
36 silly doParallel fetch 0
37 verbose correctMkdir C:\Users\KimS\AppData\Roaming\npm-cache\_locks correctMkdir not in flight; initializing
38 verbose lock using C:\Users\KimS\AppData\Roaming\npm-cache\_locks\staging-b464e5ac6652ffe1.lock for C:\Users\KimS\Desktop\pipeline-pigging-ops-fullstack-capstone-project\node_modules\.staging
39 silly doParallel extract 0
40 silly doParallel preinstall 0
41 silly doReverseSerial remove 0
42 silly doSerial move 0
43 silly doSerial finalize 0
44 silly doSerial build 0
45 silly doSerial global-link 0
46 silly doParallel update-linked 0
47 silly doSerial install 0
48 silly doSerial postinstall 0
49 verbose unlock done using C:\Users\KimS\AppData\Roaming\npm-cache\_locks\staging-b464e5ac6652ffe1.lock for C:\Users\KimS\Desktop\pipeline-pigging-ops-fullstack-capstone-project\node_modules\.staging
50 silly executeActions Finishing
51 silly rollbackFailedOptional Starting
52 silly rollbackFailedOptional Finishing
53 silly install runPostinstallTopLevelLifecycles
54 silly build pigging-schedule@1.0.0
55 info linkStuff pigging-schedule@1.0.0
56 silly linkStuff pigging-schedule@1.0.0 has C:\Users\KimS\Desktop as its parent node_modules
57 verbose linkBins pigging-schedule@1.0.0
58 verbose linkMans pigging-schedule@1.0.0
59 silly install pigging-schedule@1.0.0 C:\Users\KimS\Desktop\pipeline-pigging-ops-fullstack-capstone-project\pigging-schedule-03965159
60 info lifecycle pigging-schedule@1.0.0~install: pigging-schedule@1.0.0
61 verbose lifecycle pigging-schedule@1.0.0~install: unsafe-perm in lifecycle true
62 verbose lifecycle pigging-schedule@1.0.0~install: PATH: C:\Program Files\nodejs\node_modules\npm\bin\node-gyp-bin;C:\Users\KimS\Desktop\pipeline-pigging-ops-fullstack-capstone-project\node_modules\.bin;C:\Users\KimS\bin;C:\Program Files\Git\mingw64\bin;C:\Program Files\Git\usr\local\bin;C:\Program Files\Git\usr\bin;C:\Program Files\Git\usr\bin;C:\Program Files\Git\mingw64\bin;C:\Program Files\Git\usr\bin;C:\Users\KimS\bin;C:\Program Files (x86)\Common Files\Intel\Shared Libraries\redist\intel64\compiler;C:\Program Files (x86)\Intel\iCLS Client;C:\Program Files\Intel\iCLS Client;C:\windows\system32;C:\windows;C:\windows\System32\Wbem;C:\windows\System32\WindowsPowerShell\v1.0;C:\Program Files (x86)\Intel\Intel(R) Management Engine Components\DAL;C:\Program Files\Intel\Intel(R) Management Engine Components\DAL;C:\Program Files (x86)\Intel\Intel(R) Management Engine Components\IPT;C:\Program Files\Intel\Intel(R) Management Engine Components\IPT;C:\Program Files (x86)\NVIDIA Corporation\PhysX\Common;C:\Program Files\Git\cmd;C:\WINDOWS\system32;C:\WINDOWS;C:\WINDOWS\System32\Wbem;C:\WINDOWS\System32\WindowsPowerShell\v1.0;C:\Program Files (x86)\Brackets\command;C:\Program Files\nodejs;C:\Program Files\Intel\WiFi\bin;C:\Program Files\Common Files\Intel\WirelessCommon;C:\Program Files (x86)\Skype\Phone;C:\Program Files (x86)\Windows Kits\10\Windows Performance Toolkit;C:\Program Files\Microsoft Windows Performance Toolkit;C:\Ruby22\bin;C:\Users\KimS\AppData\Local\Microsoft\WindowsApps;C:\Program Files\Intel\WiFi\bin;C:\Program Files\Common Files\Intel\WirelessCommon;C:\Users\KimS\AppData\Local\GitHubDesktop\bin;C:\Users\KimS\AppData\Roaming\npm;C:\Program Files\Heroku\bin;C:\Program Files (x86)\Heroku\bin;C:\Program Files\MongoDB\Server\3.4\bin;C:\Users\KimS\AppData\Local\Microsoft\WindowsApps;C:\Users\KimS\.windows-build-tools\python27;C:\Program Files\Git\usr\bin\vendor_perl;C:\Program Files\Git\usr\bin\core_perl
63 verbose lifecycle pigging-schedule@1.0.0~install: CWD: C:\Users\KimS\Desktop\pipeline-pigging-ops-fullstack-capstone-project
64 silly lifecycle pigging-schedule@1.0.0~install: Args: [ '/d /s /c', 'node-gyp rebuild' ]
65 silly lifecycle pigging-schedule@1.0.0~install: Returned: code: 1  signal: null
66 info lifecycle pigging-schedule@1.0.0~install: Failed to exec install script
67 verbose stack Error: pigging-schedule@1.0.0 install: `node-gyp rebuild`
67 verbose stack Exit status 1
67 verbose stack     at EventEmitter.<anonymous> (C:\Program Files\nodejs\node_modules\npm\lib\utils\lifecycle.js:255:16)
67 verbose stack     at emitTwo (events.js:106:13)
67 verbose stack     at EventEmitter.emit (events.js:191:7)
67 verbose stack     at ChildProcess.<anonymous> (C:\Program Files\nodejs\node_modules\npm\lib\utils\spawn.js:40:14)
67 verbose stack     at emitTwo (events.js:106:13)
67 verbose stack     at ChildProcess.emit (events.js:191:7)
67 verbose stack     at maybeClose (internal/child_process.js:920:16)
67 verbose stack     at Process.ChildProcess._handle.onexit (internal/child_process.js:230:5)
68 verbose pkgid pigging-schedule@1.0.0
69 verbose cwd C:\Users\KimS\Desktop\pipeline-pigging-ops-fullstack-capstone-project
70 error Windows_NT 10.0.16299
71 error argv "C:\\Program Files\\nodejs\\node.exe" "C:\\Program Files\\nodejs\\node_modules\\npm\\bin\\npm-cli.js" "install"
72 error node v6.11.3
73 error npm  v3.10.10
74 error code ELIFECYCLE
75 error pigging-schedule@1.0.0 install: `node-gyp rebuild`
75 error Exit status 1
76 error Failed at the pigging-schedule@1.0.0 install script 'node-gyp rebuild'.
76 error Make sure you have the latest version of node.js and npm installed.
76 error If you do, this is most likely a problem with the pigging-schedule package,
76 error not with npm itself.
76 error Tell the author that this fails on your system:
76 error     node-gyp rebuild
76 error You can get information on how to open an issue for this project with:
76 error     npm bugs pigging-schedule
76 error Or if that isn't available, you can get their info via:
76 error     npm owner ls pigging-schedule
76 error There is likely additional logging output above.
77 verbose exit [ 1, true ]
